<?xml version="1.0" encoding="UTF-8"?>
<!-- Generated by org.testng.reporters.JUnitReportReporter -->
<testsuite hostname="DESKTOP-N4UMGA6" failures="0" tests="1" name="com.sframework.testCases.TC_HandleCheckBoxAndRadioButton" time="38.631" errors="0" timestamp="14 May 2022 09:58:55 GMT" skipped="0">
  <testcase classname="com.sframework.testCases.TC_HandleCheckBoxAndRadioButton" name="checkBrokenURL" time="38.631"/>
</testsuite> <!-- com.sframework.testCases.TC_HandleCheckBoxAndRadioButton -->
