<?xml version="1.0" encoding="UTF-8"?>
<!-- Generated by org.testng.reporters.JUnitReportReporter -->
<testsuite hostname="DESKTOP-N4UMGA6" failures="0" tests="1" name="com.sframework.testCases.TC_LoginTest_001" time="0.345" errors="0" timestamp="14 May 2022 11:10:28 GMT" skipped="0">
  <testcase classname="com.sframework.testCases.TC_LoginTest_001" name="openURL" time="0.345"/>
</testsuite> <!-- com.sframework.testCases.TC_LoginTest_001 -->
